11/30/2014 22:51:55 [VersionControl.Module] File or directory at <C:\Users\Bryan.Poole\Documents\Vixen 3\Sequence\My_Christmas_Lights_2014.tim> doesn't seem to exist.
Parameter name: path System.ArgumentException: File or directory at <C:\Users\Bryan.Poole\Documents\Vixen 3\Sequence\My_Christmas_Lights_2014.tim> doesn't seem to exist.
Parameter name: path
   at GitSharp.Index.Add(String[] paths)
   at VersionControl.Module.<>c__DisplayClass8.<watcher_FileSystemChanges>b__7()    at GitSharp.Index.Add(String[] paths)
   at VersionControl.Module.<>c__DisplayClass8.<watcher_FileSystemChanges>b__7()
11/30/2014 22:51:57 [VersionControl.Module] File or directory at <C:\Users\Bryan.Poole\Documents\Vixen 3\Sequence\My_Christmas_Lights_2014.tim> doesn't seem to exist.
Parameter name: path System.ArgumentException: File or directory at <C:\Users\Bryan.Poole\Documents\Vixen 3\Sequence\My_Christmas_Lights_2014.tim> doesn't seem to exist.
Parameter name: path
   at GitSharp.Index.Add(String[] paths)
   at VersionControl.Module.<>c__DisplayClass8.<watcher_FileSystemChanges>b__7()    at GitSharp.Index.Add(String[] paths)
   at VersionControl.Module.<>c__DisplayClass8.<watcher_FileSystemChanges>b__7()
11/30/2014 22:51:59 [VersionControl.Module] File or directory at <C:\Users\Bryan.Poole\Documents\Vixen 3\Sequence\My_Christmas_Lights_2014.tim> doesn't seem to exist.
Parameter name: path System.ArgumentException: File or directory at <C:\Users\Bryan.Poole\Documents\Vixen 3\Sequence\My_Christmas_Lights_2014.tim> doesn't seem to exist.
Parameter name: path
   at GitSharp.Index.Add(String[] paths)
   at VersionControl.Module.<>c__DisplayClass8.<watcher_FileSystemChanges>b__7()    at GitSharp.Index.Add(String[] paths)
   at VersionControl.Module.<>c__DisplayClass8.<watcher_FileSystemChanges>b__7()
11/30/2014 22:52:01 [VersionControl.Module] File or directory at <C:\Users\Bryan.Poole\Documents\Vixen 3\Sequence\My_Christmas_Lights_2014.tim> doesn't seem to exist.
Parameter name: path System.ArgumentException: File or directory at <C:\Users\Bryan.Poole\Documents\Vixen 3\Sequence\My_Christmas_Lights_2014.tim> doesn't seem to exist.
Parameter name: path
   at GitSharp.Index.Delete(String[] paths)
   at VersionControl.Module.<>c__DisplayClass8.<watcher_FileSystemChanges>b__7()    at GitSharp.Index.Delete(String[] paths)
   at VersionControl.Module.<>c__DisplayClass8.<watcher_FileSystemChanges>b__7()
11/30/2014 22:52:21 [VersionControl.Module] There are no changes to commit System.InvalidOperationException: There are no changes to commit
   at GitSharp.Index.CommitChanges(String message, Author author)
   at VersionControl.Module.<>c__DisplayClass8.<watcher_FileSystemChanges>b__7()    at GitSharp.Index.CommitChanges(String message, Author author)
   at VersionControl.Module.<>c__DisplayClass8.<watcher_FileSystemChanges>b__7()
11/30/2014 22:54:48 [VersionControl.Module] File or directory at <C:\Users\Bryan.Poole\Documents\Vixen 3\Sequence\My_Christmas_Lights_2014.tim> doesn't seem to exist.
Parameter name: path System.ArgumentException: File or directory at <C:\Users\Bryan.Poole\Documents\Vixen 3\Sequence\My_Christmas_Lights_2014.tim> doesn't seem to exist.
Parameter name: path
   at GitSharp.Index.Add(String[] paths)
   at VersionControl.Module.<>c__DisplayClass8.<watcher_FileSystemChanges>b__7()    at GitSharp.Index.Add(String[] paths)
   at VersionControl.Module.<>c__DisplayClass8.<watcher_FileSystemChanges>b__7()
11/30/2014 22:54:50 [VersionControl.Module] File or directory at <C:\Users\Bryan.Poole\Documents\Vixen 3\Sequence\My_Christmas_Lights_2014.tim> doesn't seem to exist.
Parameter name: path System.ArgumentException: File or directory at <C:\Users\Bryan.Poole\Documents\Vixen 3\Sequence\My_Christmas_Lights_2014.tim> doesn't seem to exist.
Parameter name: path
   at GitSharp.Index.Add(String[] paths)
   at VersionControl.Module.<>c__DisplayClass8.<watcher_FileSystemChanges>b__7()    at GitSharp.Index.Add(String[] paths)
   at VersionControl.Module.<>c__DisplayClass8.<watcher_FileSystemChanges>b__7()
11/30/2014 22:54:52 [VersionControl.Module] There are no changes to commit System.InvalidOperationException: There are no changes to commit
   at GitSharp.Index.CommitChanges(String message, Author author)
   at VersionControl.Module.<>c__DisplayClass8.<watcher_FileSystemChanges>b__7()    at GitSharp.Index.CommitChanges(String message, Author author)
   at VersionControl.Module.<>c__DisplayClass8.<watcher_FileSystemChanges>b__7()
11/30/2014 22:54:54 [VersionControl.Module] File or directory at <C:\Users\Bryan.Poole\Documents\Vixen 3\Sequence\My_Christmas_Lights_2014.tim> doesn't seem to exist.
Parameter name: path System.ArgumentException: File or directory at <C:\Users\Bryan.Poole\Documents\Vixen 3\Sequence\My_Christmas_Lights_2014.tim> doesn't seem to exist.
Parameter name: path
   at GitSharp.Index.Add(String[] paths)
   at VersionControl.Module.<>c__DisplayClass8.<watcher_FileSystemChanges>b__7()    at GitSharp.Index.Add(String[] paths)
   at VersionControl.Module.<>c__DisplayClass8.<watcher_FileSystemChanges>b__7()
11/30/2014 22:54:56 [VersionControl.Module] File or directory at <C:\Users\Bryan.Poole\Documents\Vixen 3\Sequence\My_Christmas_Lights_2014.tim> doesn't seem to exist.
Parameter name: path System.ArgumentException: File or directory at <C:\Users\Bryan.Poole\Documents\Vixen 3\Sequence\My_Christmas_Lights_2014.tim> doesn't seem to exist.
Parameter name: path
   at GitSharp.Index.Add(String[] paths)
   at VersionControl.Module.<>c__DisplayClass8.<watcher_FileSystemChanges>b__7()    at GitSharp.Index.Add(String[] paths)
   at VersionControl.Module.<>c__DisplayClass8.<watcher_FileSystemChanges>b__7()
11/30/2014 22:54:58 [VersionControl.Module] File or directory at <C:\Users\Bryan.Poole\Documents\Vixen 3\Sequence\My_Christmas_Lights_2014.tim> doesn't seem to exist.
Parameter name: path System.ArgumentException: File or directory at <C:\Users\Bryan.Poole\Documents\Vixen 3\Sequence\My_Christmas_Lights_2014.tim> doesn't seem to exist.
Parameter name: path
   at GitSharp.Index.Add(String[] paths)
   at VersionControl.Module.<>c__DisplayClass8.<watcher_FileSystemChanges>b__7()    at GitSharp.Index.Add(String[] paths)
   at VersionControl.Module.<>c__DisplayClass8.<watcher_FileSystemChanges>b__7()
11/30/2014 22:55:05 [VersionControl.Module] There are no changes to commit System.InvalidOperationException: There are no changes to commit
   at GitSharp.Index.CommitChanges(String message, Author author)
   at VersionControl.Module.<>c__DisplayClass8.<watcher_FileSystemChanges>b__7()    at GitSharp.Index.CommitChanges(String message, Author author)
   at VersionControl.Module.<>c__DisplayClass8.<watcher_FileSystemChanges>b__7()
11/30/2014 22:55:09 [VersionControl.Module] There are no changes to commit System.InvalidOperationException: There are no changes to commit
   at GitSharp.Index.CommitChanges(String message, Author author)
   at VersionControl.Module.<>c__DisplayClass8.<watcher_FileSystemChanges>b__7()    at GitSharp.Index.CommitChanges(String message, Author author)
   at VersionControl.Module.<>c__DisplayClass8.<watcher_FileSystemChanges>b__7()
11/30/2014 22:55:13 [VersionControl.Module] There are no changes to commit System.InvalidOperationException: There are no changes to commit
   at GitSharp.Index.CommitChanges(String message, Author author)
   at VersionControl.Module.<>c__DisplayClass8.<watcher_FileSystemChanges>b__7()    at GitSharp.Index.CommitChanges(String message, Author author)
   at VersionControl.Module.<>c__DisplayClass8.<watcher_FileSystemChanges>b__7()
11/30/2014 22:55:17 [VersionControl.Module] There are no changes to commit System.InvalidOperationException: There are no changes to commit
   at GitSharp.Index.CommitChanges(String message, Author author)
   at VersionControl.Module.<>c__DisplayClass8.<watcher_FileSystemChanges>b__7()    at GitSharp.Index.CommitChanges(String message, Author author)
   at VersionControl.Module.<>c__DisplayClass8.<watcher_FileSystemChanges>b__7()
11/30/2014 22:55:21 [VersionControl.Module] There are no changes to commit System.InvalidOperationException: There are no changes to commit
   at GitSharp.Index.CommitChanges(String message, Author author)
   at VersionControl.Module.<>c__DisplayClass8.<watcher_FileSystemChanges>b__7()    at GitSharp.Index.CommitChanges(String message, Author author)
   at VersionControl.Module.<>c__DisplayClass8.<watcher_FileSystemChanges>b__7()
11/30/2014 22:55:26 [VersionControl.Module] There are no changes to commit System.InvalidOperationException: There are no changes to commit
   at GitSharp.Index.CommitChanges(String message, Author author)
   at VersionControl.Module.<>c__DisplayClass8.<watcher_FileSystemChanges>b__7()    at GitSharp.Index.CommitChanges(String message, Author author)
   at VersionControl.Module.<>c__DisplayClass8.<watcher_FileSystemChanges>b__7()
11/30/2014 22:55:30 [VersionControl.Module] There are no changes to commit System.InvalidOperationException: There are no changes to commit
   at GitSharp.Index.CommitChanges(String message, Author author)
   at VersionControl.Module.<>c__DisplayClass8.<watcher_FileSystemChanges>b__7()    at GitSharp.Index.CommitChanges(String message, Author author)
   at VersionControl.Module.<>c__DisplayClass8.<watcher_FileSystemChanges>b__7()
11/30/2014 22:55:32 [VersionControl.Module] There are no changes to commit System.InvalidOperationException: There are no changes to commit
   at GitSharp.Index.CommitChanges(String message, Author author)
   at VersionControl.Module.<>c__DisplayClass8.<watcher_FileSystemChanges>b__7()    at GitSharp.Index.CommitChanges(String message, Author author)
   at VersionControl.Module.<>c__DisplayClass8.<watcher_FileSystemChanges>b__7()
11/30/2014 22:55:36 [VersionControl.Module] There are no changes to commit System.InvalidOperationException: There are no changes to commit
   at GitSharp.Index.CommitChanges(String message, Author author)
   at VersionControl.Module.<>c__DisplayClass8.<watcher_FileSystemChanges>b__7()    at GitSharp.Index.CommitChanges(String message, Author author)
   at VersionControl.Module.<>c__DisplayClass8.<watcher_FileSystemChanges>b__7()
11/30/2014 22:55:38 [VersionControl.Module] File or directory at <C:\Users\Bryan.Poole\Documents\Vixen 3\Sequence\My_Christmas_Lights_2014.tim> doesn't seem to exist.
Parameter name: path System.ArgumentException: File or directory at <C:\Users\Bryan.Poole\Documents\Vixen 3\Sequence\My_Christmas_Lights_2014.tim> doesn't seem to exist.
Parameter name: path
   at GitSharp.Index.Add(String[] paths)
   at VersionControl.Module.<>c__DisplayClass8.<watcher_FileSystemChanges>b__7()    at GitSharp.Index.Add(String[] paths)
   at VersionControl.Module.<>c__DisplayClass8.<watcher_FileSystemChanges>b__7()
11/30/2014 22:55:40 [VersionControl.Module] File or directory at <C:\Users\Bryan.Poole\Documents\Vixen 3\Sequence\My_Christmas_Lights_2014.tim> doesn't seem to exist.
Parameter name: path System.ArgumentException: File or directory at <C:\Users\Bryan.Poole\Documents\Vixen 3\Sequence\My_Christmas_Lights_2014.tim> doesn't seem to exist.
Parameter name: path
   at GitSharp.Index.Add(String[] paths)
   at VersionControl.Module.<>c__DisplayClass8.<watcher_FileSystemChanges>b__7()    at GitSharp.Index.Add(String[] paths)
   at VersionControl.Module.<>c__DisplayClass8.<watcher_FileSystemChanges>b__7()
11/30/2014 22:55:42 [VersionControl.Module] There are no changes to commit System.InvalidOperationException: There are no changes to commit
   at GitSharp.Index.CommitChanges(String message, Author author)
   at VersionControl.Module.<>c__DisplayClass8.<watcher_FileSystemChanges>b__7()    at GitSharp.Index.CommitChanges(String message, Author author)
   at VersionControl.Module.<>c__DisplayClass8.<watcher_FileSystemChanges>b__7()
11/30/2014 22:55:44 [VersionControl.Module] File or directory at <C:\Users\Bryan.Poole\Documents\Vixen 3\Sequence\My_Christmas_Lights_2014.tim> doesn't seem to exist.
Parameter name: path System.ArgumentException: File or directory at <C:\Users\Bryan.Poole\Documents\Vixen 3\Sequence\My_Christmas_Lights_2014.tim> doesn't seem to exist.
Parameter name: path
   at GitSharp.Index.Add(String[] paths)
   at VersionControl.Module.<>c__DisplayClass8.<watcher_FileSystemChanges>b__7()    at GitSharp.Index.Add(String[] paths)
   at VersionControl.Module.<>c__DisplayClass8.<watcher_FileSystemChanges>b__7()
11/30/2014 22:55:46 [VersionControl.Module] File or directory at <C:\Users\Bryan.Poole\Documents\Vixen 3\Sequence\My_Christmas_Lights_2014.tim> doesn't seem to exist.
Parameter name: path System.ArgumentException: File or directory at <C:\Users\Bryan.Poole\Documents\Vixen 3\Sequence\My_Christmas_Lights_2014.tim> doesn't seem to exist.
Parameter name: path
   at GitSharp.Index.Delete(String[] paths)
   at VersionControl.Module.<>c__DisplayClass8.<watcher_FileSystemChanges>b__7()    at GitSharp.Index.Delete(String[] paths)
   at VersionControl.Module.<>c__DisplayClass8.<watcher_FileSystemChanges>b__7()
11/30/2014 22:55:48 [VersionControl.Module] There are no changes to commit System.InvalidOperationException: There are no changes to commit
   at GitSharp.Index.CommitChanges(String message, Author author)
   at VersionControl.Module.<>c__DisplayClass8.<watcher_FileSystemChanges>b__7()    at GitSharp.Index.CommitChanges(String message, Author author)
   at VersionControl.Module.<>c__DisplayClass8.<watcher_FileSystemChanges>b__7()
11/30/2014 22:56:15 [VersionControl.Module] There are no changes to commit System.InvalidOperationException: There are no changes to commit
   at GitSharp.Index.CommitChanges(String message, Author author)
   at VersionControl.Module.<>c__DisplayClass8.<watcher_FileSystemChanges>b__7()    at GitSharp.Index.CommitChanges(String message, Author author)
   at VersionControl.Module.<>c__DisplayClass8.<watcher_FileSystemChanges>b__7()
